<?xml version="1.0" encoding="UTF-8"?>
<testsuite xmlns:xsi="http://www.w3.org/2001/XMLSchema-instance" xsi:noNamespaceSchemaLocation="https://maven.apache.org/surefire/maven-surefire-plugin/xsd/surefire-test-report-3.0.xsd" version="3.0" name="com.example.ApiTest" time="2.318" tests="1" errors="0" skipped="0" failures="0">
  <properties>
    <property name="java.specification.version" value="17"/>
    <property name="sun.cpu.isalist" value="amd64"/>
    <property name="sun.jnu.encoding" value="Cp1252"/>
    <property name="java.class.path" value="C:\Users\RODRIGO\Desktop\RankcvApi\api-test-project\target\test-classes;C:\Users\RODRIGO\Desktop\RankcvApi\api-test-project\target\classes;C:\Users\RODRIGO\.m2\repository\org\testng\testng\7.8.0\testng-7.8.0.jar;C:\Users\RODRIGO\.m2\repository\org\slf4j\slf4j-api\1.7.36\slf4j-api-1.7.36.jar;C:\Users\RODRIGO\.m2\repository\com\beust\jcommander\1.82\jcommander-1.82.jar;C:\Users\RODRIGO\.m2\repository\org\webjars\jquery\3.6.1\jquery-3.6.1.jar;C:\Users\RODRIGO\.m2\repository\io\rest-assured\rest-assured\5.3.2\rest-assured-5.3.2.jar;C:\Users\RODRIGO\.m2\repository\org\apache\groovy\groovy\4.0.11\groovy-4.0.11.jar;C:\Users\RODRIGO\.m2\repository\org\apache\groovy\groovy-xml\4.0.11\groovy-xml-4.0.11.jar;C:\Users\RODRIGO\.m2\repository\org\apache\httpcomponents\httpclient\4.5.13\httpclient-4.5.13.jar;C:\Users\RODRIGO\.m2\repository\org\apache\httpcomponents\httpcore\4.4.13\httpcore-4.4.13.jar;C:\Users\RODRIGO\.m2\repository\commons-logging\commons-logging\1.2\commons-logging-1.2.jar;C:\Users\RODRIGO\.m2\repository\commons-codec\commons-codec\1.11\commons-codec-1.11.jar;C:\Users\RODRIGO\.m2\repository\org\apache\httpcomponents\httpmime\4.5.13\httpmime-4.5.13.jar;C:\Users\RODRIGO\.m2\repository\org\hamcrest\hamcrest\2.2\hamcrest-2.2.jar;C:\Users\RODRIGO\.m2\repository\org\ccil\cowan\tagsoup\tagsoup\1.2.1\tagsoup-1.2.1.jar;C:\Users\RODRIGO\.m2\repository\io\rest-assured\json-path\5.3.2\json-path-5.3.2.jar;C:\Users\RODRIGO\.m2\repository\org\apache\groovy\groovy-json\4.0.11\groovy-json-4.0.11.jar;C:\Users\RODRIGO\.m2\repository\io\rest-assured\rest-assured-common\5.3.2\rest-assured-common-5.3.2.jar;C:\Users\RODRIGO\.m2\repository\io\rest-assured\xml-path\5.3.2\xml-path-5.3.2.jar;C:\Users\RODRIGO\.m2\repository\org\apache\commons\commons-lang3\3.11\commons-lang3-3.11.jar;"/>
    <property name="java.vm.vendor" value="Oracle Corporation"/>
    <property name="sun.arch.data.model" value="64"/>
    <property name="user.variant" value=""/>
    <property name="java.vendor.url" value="https://java.oracle.com/"/>
    <property name="user.timezone" value="America/Bogota"/>
    <property name="os.name" value="Windows 11"/>
    <property name="java.vm.specification.version" value="17"/>
    <property name="sun.java.launcher" value="SUN_STANDARD"/>
    <property name="user.country" value="CO"/>
    <property name="sun.boot.library.path" value="C:\Program Files\Java\jdk-17\bin"/>
    <property name="sun.java.command" value="C:\Users\RODRIGO\AppData\Local\Temp\surefire1414953631219253827\surefirebooter-20240327095508673_3.jar C:\Users\RODRIGO\AppData\Local\Temp\surefire1414953631219253827 2024-03-27T09-55-08_579-jvmRun1 surefire-20240327095508673_1tmp surefire_0-20240327095508673_2tmp"/>
    <property name="jdk.debug" value="release"/>
    <property name="surefire.test.class.path" value="C:\Users\RODRIGO\Desktop\RankcvApi\api-test-project\target\test-classes;C:\Users\RODRIGO\Desktop\RankcvApi\api-test-project\target\classes;C:\Users\RODRIGO\.m2\repository\org\testng\testng\7.8.0\testng-7.8.0.jar;C:\Users\RODRIGO\.m2\repository\org\slf4j\slf4j-api\1.7.36\slf4j-api-1.7.36.jar;C:\Users\RODRIGO\.m2\repository\com\beust\jcommander\1.82\jcommander-1.82.jar;C:\Users\RODRIGO\.m2\repository\org\webjars\jquery\3.6.1\jquery-3.6.1.jar;C:\Users\RODRIGO\.m2\repository\io\rest-assured\rest-assured\5.3.2\rest-assured-5.3.2.jar;C:\Users\RODRIGO\.m2\repository\org\apache\groovy\groovy\4.0.11\groovy-4.0.11.jar;C:\Users\RODRIGO\.m2\repository\org\apache\groovy\groovy-xml\4.0.11\groovy-xml-4.0.11.jar;C:\Users\RODRIGO\.m2\repository\org\apache\httpcomponents\httpclient\4.5.13\httpclient-4.5.13.jar;C:\Users\RODRIGO\.m2\repository\org\apache\httpcomponents\httpcore\4.4.13\httpcore-4.4.13.jar;C:\Users\RODRIGO\.m2\repository\commons-logging\commons-logging\1.2\commons-logging-1.2.jar;C:\Users\RODRIGO\.m2\repository\commons-codec\commons-codec\1.11\commons-codec-1.11.jar;C:\Users\RODRIGO\.m2\repository\org\apache\httpcomponents\httpmime\4.5.13\httpmime-4.5.13.jar;C:\Users\RODRIGO\.m2\repository\org\hamcrest\hamcrest\2.2\hamcrest-2.2.jar;C:\Users\RODRIGO\.m2\repository\org\ccil\cowan\tagsoup\tagsoup\1.2.1\tagsoup-1.2.1.jar;C:\Users\RODRIGO\.m2\repository\io\rest-assured\json-path\5.3.2\json-path-5.3.2.jar;C:\Users\RODRIGO\.m2\repository\org\apache\groovy\groovy-json\4.0.11\groovy-json-4.0.11.jar;C:\Users\RODRIGO\.m2\repository\io\rest-assured\rest-assured-common\5.3.2\rest-assured-common-5.3.2.jar;C:\Users\RODRIGO\.m2\repository\io\rest-assured\xml-path\5.3.2\xml-path-5.3.2.jar;C:\Users\RODRIGO\.m2\repository\org\apache\commons\commons-lang3\3.11\commons-lang3-3.11.jar;"/>
    <property name="sun.cpu.endian" value="little"/>
    <property name="user.home" value="C:\Users\RODRIGO"/>
    <property name="user.language" value="es"/>
    <property name="java.specification.vendor" value="Oracle Corporation"/>
    <property name="java.version.date" value="2023-07-18"/>
    <property name="java.home" value="C:\Program Files\Java\jdk-17"/>
    <property name="file.separator" value="\"/>
    <property name="basedir" value="C:\Users\RODRIGO\Desktop\RankcvApi\api-test-project"/>
    <property name="java.vm.compressedOopsMode" value="Zero based"/>
    <property name="line.separator" value="&#10;"/>
    <property name="java.vm.specification.vendor" value="Oracle Corporation"/>
    <property name="java.specification.name" value="Java Platform API Specification"/>
    <property name="surefire.real.class.path" value="C:\Users\RODRIGO\AppData\Local\Temp\surefire1414953631219253827\surefirebooter-20240327095508673_3.jar"/>
    <property name="user.script" value=""/>
    <property name="sun.management.compiler" value="HotSpot 64-Bit Tiered Compilers"/>
    <property name="java.runtime.version" value="17.0.8+9-LTS-211"/>
    <property name="user.name" value="RODRIGO"/>
    <property name="path.separator" value=";"/>
    <property name="os.version" value="10.0"/>
    <property name="java.runtime.name" value="Java(TM) SE Runtime Environment"/>
    <property name="file.encoding" value="Cp1252"/>
    <property name="java.vm.name" value="Java HotSpot(TM) 64-Bit Server VM"/>
    <property name="localRepository" value="C:\Users\RODRIGO\.m2\repository"/>
    <property name="java.vendor.url.bug" value="https://bugreport.java.com/bugreport/"/>
    <property name="java.io.tmpdir" value="C:\Users\RODRIGO\AppData\Local\Temp\"/>
    <property name="java.version" value="17.0.8"/>
    <property name="user.dir" value="C:\Users\RODRIGO\Desktop\RankcvApi\api-test-project"/>
    <property name="os.arch" value="amd64"/>
    <property name="java.vm.specification.name" value="Java Virtual Machine Specification"/>
    <property name="sun.os.patch.level" value=""/>
    <property name="native.encoding" value="Cp1252"/>
    <property name="java.library.path" value="C:\Program Files\Java\jdk-17\bin;C:\Windows\Sun\Java\bin;C:\Windows\system32;C:\Windows;C:\Program Files\Common Files\Oracle\Java\javapath;C:\Program Files (x86)\Common Files\Oracle\Java\javapath;C:\Windows\system32;C:\Windows;C:\Windows\System32\Wbem;C:\Windows\System32\WindowsPowerShell\v1.0\;C:\Windows\System32\OpenSSH\;C:\Program Files (x86)\NVIDIA Corporation\PhysX\Common;C:\Program Files\dotnet\;C:\Program Files\Git\cmd;C:\Users\RODRIGO\AppData\Local\Programs\Python\Python311\lib\site-packages;C:\Program Files\nodejs\;C:\Program Files (x86)\Google\Cloud SDK\google-cloud-sdk\bin;C:\Program Files\PuTTY\;%JAVA_HOME%\bin;&quot;C:\Users\RODRIGO\Desktop\Maven\bin;&quot;;C:\Users\RODRIGO\AppData\Roaming\npm;C:\Users\RODRIGO\Desktop\platform-tools;C:\Users\RODRIGO\Desktop\Chrome driver;C:\Program Files\MongoDB\Server\7.0\bin;C:\Program Files\NVIDIA Corporation\NVIDIA NvDLISR;C:\Users\RODRIGO\Desktop\apache-maven-3.9.5\bin;C:\Program Files\Common Files\Oracle\Java\javapath;C:\Program Files (x86)\Common Files\Oracle\Java\javapath;C:\Windows\system32;C:\Windows;C:\Windows\System32\Wbem;C:\Windows\System32\WindowsPowerShell\v1.0\;C:\Windows\System32\OpenSSH\;C:\Program Files (x86)\NVIDIA Corporation\PhysX\Common;C:\Program Files\dotnet\;C:\Program Files\Git\cmd;C:\Users\RODRIGO\AppData\Local\Programs\Python\Python311\lib\site-packages;C:\Program Files\nodejs\;C:\Program Files (x86)\Google\Cloud SDK\google-cloud-sdk\bin;C:\Program Files\PuTTY\;C:\Program Files\Java\jdk-17\bin;C:\Users\RODRIGO\Desktop\Maven\bin;C:\Users\RODRIGO\AppData\Local\Programs\Python\Python311\Scripts\;C:\Users\RODRIGO\AppData\Local\Programs\Python\Python311\;C:\Program Files\MySQL\MySQL Shell 8.0\bin\;C:\Users\RODRIGO\AppData\Local\Microsoft\WindowsApps;C:\Users\RODRIGO\AppData\Local\Programs\Microsoft VS Code\bin;C:\Users\RODRIGO\AppData\Local\GitHubDesktop\bin;C:\Users\RODRIGO\.dotnet\tools;C:\Users\RODRIGO\AppData\Local\Programs\Python\Python311\Lib\site-packages;C:\Program Files\Java\jdk-17\bin;C:\Users\RODRIGO\Desktop\platform-tools;C:\Users\RODRIGO\AppData\Local\Android\Sdk;C:\Users\RODRIGO\AppData\Local\Android\Sdk;C:\Users\RODRIGO\.dotnet\tools;."/>
    <property name="java.vm.info" value="mixed mode, sharing"/>
    <property name="java.vendor" value="Oracle Corporation"/>
    <property name="java.vm.version" value="17.0.8+9-LTS-211"/>
    <property name="sun.io.unicode.encoding" value="UnicodeLittle"/>
    <property name="java.class.version" value="61.0"/>
  </properties>
  <testcase name="Apitesting" classname="com.example.ApiTest" time="2.104">
    <system-out><![CDATA[La dirección de correo electrónico del usuario aleatorio es: Shanna@melissa.tv
Publicaciones del usuario:
- et ea vero quia laudantium autem
- in quibusdam tempore odit est dolorem
- dolorum ut in voluptas mollitia et saepe quo animi
- voluptatem eligendi optio
- eveniet quod temporibus
- sint suscipit perspiciatis velit dolorum rerum ipsa laboriosam odio
- fugit voluptas sed molestias voluptatem provident
- voluptate et itaque vero tempora molestiae
- adipisci placeat illum aut reiciendis qui
- doloribus ad provident suscipit at
Respuesta de la API al realizar la publicación:
{
  "userId": 2,
  "title": "Título de la publicación",
  "body": "Cuerpo de la publicación",
  "id": 101
}
Código de respuesta de la API: 201
]]></system-out>
    <system-err><![CDATA[SLF4J: Failed to load class "org.slf4j.impl.StaticLoggerBinder".
SLF4J: Defaulting to no-operation (NOP) logger implementation
SLF4J: See http://www.slf4j.org/codes.html#StaticLoggerBinder for further details.
]]></system-err>
  </testcase>
</testsuite>