<?xml version="1.0" encoding="UTF-8"?>
<!-- Generated by org.testng.reporters.JUnitReportReporter -->
<testsuite hostname="DESKTOP-2VV9C35" failures="0" tests="1" name="com.example.ApiTest" time="2.104" errors="0" timestamp="2024-03-27T09:55:11 COT" skipped="0">
  <testcase classname="com.example.ApiTest" name="Apitesting" time="2.104"/>
</testsuite> <!-- com.example.ApiTest -->
